
Testing break-sep-processes...

✗ Low severity vulnerability found in tiff/libtiff5
  Description: NULL Pointer Dereference
  Info: https://security.snyk.io/vuln/SNYK-UBUNTU2204-TIFF-2799693
  Introduced through: tiff/libtiff5@4.3.0-6ubuntu0.4, glibc/libc-devtools@2.35-0ubuntu3.1
  From: tiff/libtiff5@4.3.0-6ubuntu0.4
  From: glibc/libc-devtools@2.35-0ubuntu3.1 > libgd2/libgd3@2.3.0-2ubuntu2 > tiff/libtiff5@4.3.0-6ubuntu0.4
  Image layer: 'apt install -y libncursesw5-dev autotools-dev autoconf automake build-essential'

✗ Low severity vulnerability found in sqlite3/libsqlite3-0
  Description: CVE-2022-46908
  Info: https://security.snyk.io/vuln/SNYK-UBUNTU2204-SQLITE3-3167716
  Introduced through: sqlite3/libsqlite3-0@3.37.2-2ubuntu0.1, gnupg2/gnupg@2.2.27-3ubuntu2.1
  From: sqlite3/libsqlite3-0@3.37.2-2ubuntu0.1
  From: gnupg2/gnupg@2.2.27-3ubuntu2.1 > gnupg2/gpg@2.2.27-3ubuntu2.1 > sqlite3/libsqlite3-0@3.37.2-2ubuntu0.1
  Image layer: Introduced by your base image (ubuntu:22.04)

✗ Low severity vulnerability found in shadow/passwd
  Description: Arbitrary Code Injection
  Info: https://security.snyk.io/vuln/SNYK-UBUNTU2204-SHADOW-5425688
  Introduced through: shadow/passwd@1:4.8.1-2ubuntu2.1, adduser@3.118ubuntu5, shadow/login@1:4.8.1-2ubuntu2.1
  From: shadow/passwd@1:4.8.1-2ubuntu2.1
  From: adduser@3.118ubuntu5 > shadow/passwd@1:4.8.1-2ubuntu2.1
  From: shadow/login@1:4.8.1-2ubuntu2.1
  Image layer: Introduced by your base image (ubuntu:22.04)

✗ Low severity vulnerability found in pcre3/libpcre3
  Description: Uncontrolled Recursion
  Info: https://security.snyk.io/vuln/SNYK-UBUNTU2204-PCRE3-2799820
  Introduced through: pcre3/libpcre3@2:8.39-13ubuntu0.22.04.1, grep@3.7-1build1
  From: pcre3/libpcre3@2:8.39-13ubuntu0.22.04.1
  From: grep@3.7-1build1 > pcre3/libpcre3@2:8.39-13ubuntu0.22.04.1
  Image layer: Introduced by your base image (ubuntu:22.04)

✗ Low severity vulnerability found in patch
  Description: Release of Invalid Pointer or Reference
  Info: https://security.snyk.io/vuln/SNYK-UBUNTU2204-PATCH-2780071
  Introduced through: build-essential@12.9ubuntu3
  From: build-essential@12.9ubuntu3 > dpkg/dpkg-dev@1.21.1ubuntu2.1 > patch@2.7.6-7build2
  Image layer: 'apt install -y libncursesw5-dev autotools-dev autoconf automake build-essential'

✗ Low severity vulnerability found in patch
  Description: Double Free
  Info: https://security.snyk.io/vuln/SNYK-UBUNTU2204-PATCH-2784568
  Introduced through: build-essential@12.9ubuntu3
  From: build-essential@12.9ubuntu3 > dpkg/dpkg-dev@1.21.1ubuntu2.1 > patch@2.7.6-7build2
  Image layer: 'apt install -y libncursesw5-dev autotools-dev autoconf automake build-essential'

✗ Low severity vulnerability found in openssl/libssl3
  Description: Improper Locking
  Info: https://security.snyk.io/vuln/SNYK-UBUNTU2204-OPENSSL-3167951
  Introduced through: openssl/libssl3@3.0.2-0ubuntu1.8, cyrus-sasl2/libsasl2-modules@2.1.27+dfsg2-3ubuntu1.2, adduser@3.118ubuntu5
  From: openssl/libssl3@3.0.2-0ubuntu1.8
  From: cyrus-sasl2/libsasl2-modules@2.1.27+dfsg2-3ubuntu1.2 > openssl/libssl3@3.0.2-0ubuntu1.8
  From: adduser@3.118ubuntu5 > shadow/passwd@1:4.8.1-2ubuntu2.1 > pam/libpam-modules@1.4.0-11ubuntu2.3 > libnsl/libnsl2@1.3.0-2build2 > libtirpc/libtirpc3@1.3.2-2ubuntu0.1 > krb5/libgssapi-krb5-2@1.19.2-2ubuntu0.1 > krb5/libkrb5-3@1.19.2-2ubuntu0.1 > openssl/libssl3@3.0.2-0ubuntu1.8
  Image layer: Introduced by your base image (ubuntu:22.04)
  Fixed in: 3.0.2-0ubuntu1.9

✗ Low severity vulnerability found in openssl/libssl3
  Description: Improper Certificate Validation
  Info: https://security.snyk.io/vuln/SNYK-UBUNTU2204-OPENSSL-3368847
  Introduced through: openssl/libssl3@3.0.2-0ubuntu1.8, cyrus-sasl2/libsasl2-modules@2.1.27+dfsg2-3ubuntu1.2, adduser@3.118ubuntu5
  From: openssl/libssl3@3.0.2-0ubuntu1.8
  From: cyrus-sasl2/libsasl2-modules@2.1.27+dfsg2-3ubuntu1.2 > openssl/libssl3@3.0.2-0ubuntu1.8
  From: adduser@3.118ubuntu5 > shadow/passwd@1:4.8.1-2ubuntu2.1 > pam/libpam-modules@1.4.0-11ubuntu2.3 > libnsl/libnsl2@1.3.0-2build2 > libtirpc/libtirpc3@1.3.2-2ubuntu0.1 > krb5/libgssapi-krb5-2@1.19.2-2ubuntu0.1 > krb5/libkrb5-3@1.19.2-2ubuntu0.1 > openssl/libssl3@3.0.2-0ubuntu1.8
  Image layer: Introduced by your base image (ubuntu:22.04)
  Fixed in: 3.0.2-0ubuntu1.9

✗ Low severity vulnerability found in openssl/libssl3
  Description: Improper Certificate Validation
  Info: https://security.snyk.io/vuln/SNYK-UBUNTU2204-OPENSSL-5296052
  Introduced through: openssl/libssl3@3.0.2-0ubuntu1.8, cyrus-sasl2/libsasl2-modules@2.1.27+dfsg2-3ubuntu1.2, adduser@3.118ubuntu5
  From: openssl/libssl3@3.0.2-0ubuntu1.8
  From: cyrus-sasl2/libsasl2-modules@2.1.27+dfsg2-3ubuntu1.2 > openssl/libssl3@3.0.2-0ubuntu1.8
  From: adduser@3.118ubuntu5 > shadow/passwd@1:4.8.1-2ubuntu2.1 > pam/libpam-modules@1.4.0-11ubuntu2.3 > libnsl/libnsl2@1.3.0-2build2 > libtirpc/libtirpc3@1.3.2-2ubuntu0.1 > krb5/libgssapi-krb5-2@1.19.2-2ubuntu0.1 > krb5/libkrb5-3@1.19.2-2ubuntu0.1 > openssl/libssl3@3.0.2-0ubuntu1.8
  Image layer: Introduced by your base image (ubuntu:22.04)
  Fixed in: 3.0.2-0ubuntu1.9

✗ Low severity vulnerability found in openssl/libssl3
  Description: Improper Certificate Validation
  Info: https://security.snyk.io/vuln/SNYK-UBUNTU2204-OPENSSL-5296082
  Introduced through: openssl/libssl3@3.0.2-0ubuntu1.8, cyrus-sasl2/libsasl2-modules@2.1.27+dfsg2-3ubuntu1.2, adduser@3.118ubuntu5
  From: openssl/libssl3@3.0.2-0ubuntu1.8
  From: cyrus-sasl2/libsasl2-modules@2.1.27+dfsg2-3ubuntu1.2 > openssl/libssl3@3.0.2-0ubuntu1.8
  From: adduser@3.118ubuntu5 > shadow/passwd@1:4.8.1-2ubuntu2.1 > pam/libpam-modules@1.4.0-11ubuntu2.3 > libnsl/libnsl2@1.3.0-2build2 > libtirpc/libtirpc3@1.3.2-2ubuntu0.1 > krb5/libgssapi-krb5-2@1.19.2-2ubuntu0.1 > krb5/libkrb5-3@1.19.2-2ubuntu0.1 > openssl/libssl3@3.0.2-0ubuntu1.8
  Image layer: Introduced by your base image (ubuntu:22.04)
  Fixed in: 3.0.2-0ubuntu1.9

✗ Low severity vulnerability found in openssl/libssl3
  Description: Out-of-bounds Read
  Info: https://security.snyk.io/vuln/SNYK-UBUNTU2204-OPENSSL-5438818
  Introduced through: openssl/libssl3@3.0.2-0ubuntu1.8, cyrus-sasl2/libsasl2-modules@2.1.27+dfsg2-3ubuntu1.2, adduser@3.118ubuntu5
  From: openssl/libssl3@3.0.2-0ubuntu1.8
  From: cyrus-sasl2/libsasl2-modules@2.1.27+dfsg2-3ubuntu1.2 > openssl/libssl3@3.0.2-0ubuntu1.8
  From: adduser@3.118ubuntu5 > shadow/passwd@1:4.8.1-2ubuntu2.1 > pam/libpam-modules@1.4.0-11ubuntu2.3 > libnsl/libnsl2@1.3.0-2build2 > libtirpc/libtirpc3@1.3.2-2ubuntu0.1 > krb5/libgssapi-krb5-2@1.19.2-2ubuntu0.1 > krb5/libkrb5-3@1.19.2-2ubuntu0.1 > openssl/libssl3@3.0.2-0ubuntu1.8
  Image layer: Introduced by your base image (ubuntu:22.04)

✗ Low severity vulnerability found in ncurses/libtinfo6
  Description: Out-of-bounds Read
  Info: https://security.snyk.io/vuln/SNYK-UBUNTU2204-NCURSES-2801048
  Introduced through: ncurses/libtinfo6@6.3-2, bash@5.1-6ubuntu1, ncurses/libncurses6@6.3-2, ncurses/libncursesw5-dev@6.3-2, procps@2:3.3.17-6ubuntu2, util-linux@2.37.2-4ubuntu3, gnupg2/dirmngr@2.2.27-3ubuntu2.1, gnupg2/gnupg@2.2.27-3ubuntu2.1, ncurses/libncursesw6@6.3-2, ncurses/ncurses-bin@6.3-2, ncurses/ncurses-base@6.3-2
  From: ncurses/libtinfo6@6.3-2
  From: bash@5.1-6ubuntu1 > ncurses/libtinfo6@6.3-2
  From: ncurses/libncurses6@6.3-2 > ncurses/libtinfo6@6.3-2
  and 20 more...
  Image layer: Introduced by your base image (ubuntu:22.04)

✗ Low severity vulnerability found in libzstd/libzstd1
  Description: Resource Exhaustion
  Info: https://security.snyk.io/vuln/SNYK-UBUNTU2204-LIBZSTD-3368800
  Introduced through: meta-common-packages@meta
  From: meta-common-packages@meta > libzstd/libzstd1@1.4.8+dfsg-3build1
  Image layer: Introduced by your base image (ubuntu:22.04)

✗ Low severity vulnerability found in libpng1.6/libpng16-16
  Description: NULL Pointer Dereference
  Info: https://security.snyk.io/vuln/SNYK-UBUNTU2204-LIBPNG16-3124883
  Introduced through: libpng1.6/libpng16-16@1.6.37-3build5, glibc/libc-devtools@2.35-0ubuntu3.1
  From: libpng1.6/libpng16-16@1.6.37-3build5
  From: glibc/libc-devtools@2.35-0ubuntu3.1 > libgd2/libgd3@2.3.0-2ubuntu2 > libpng1.6/libpng16-16@1.6.37-3build5
  From: glibc/libc-devtools@2.35-0ubuntu3.1 > libgd2/libgd3@2.3.0-2ubuntu2 > fontconfig/libfontconfig1@2.13.1-4.2ubuntu5 > freetype/libfreetype6@2.11.1+dfsg-1ubuntu0.1 > libpng1.6/libpng16-16@1.6.37-3build5
  Image layer: 'apt install -y libncursesw5-dev autotools-dev autoconf automake build-essential'

✗ Low severity vulnerability found in libjpeg-turbo/libjpeg-turbo8
  Description: Out-of-bounds Read
  Info: https://security.snyk.io/vuln/SNYK-UBUNTU2204-LIBJPEGTURBO-2940688
  Introduced through: libjpeg-turbo/libjpeg-turbo8@2.1.2-0ubuntu1, glibc/libc-devtools@2.35-0ubuntu3.1
  From: libjpeg-turbo/libjpeg-turbo8@2.1.2-0ubuntu1
  From: glibc/libc-devtools@2.35-0ubuntu3.1 > libgd2/libgd3@2.3.0-2ubuntu2 > libjpeg8-empty/libjpeg8@8c-2ubuntu10 > libjpeg-turbo/libjpeg-turbo8@2.1.2-0ubuntu1
  Image layer: 'apt install -y libncursesw5-dev autotools-dev autoconf automake build-essential'

✗ Low severity vulnerability found in libgd2/libgd3
  Description: Out-of-bounds Read
  Info: https://security.snyk.io/vuln/SNYK-UBUNTU2204-LIBGD2-2775982
  Introduced through: libgd2/libgd3@2.3.0-2ubuntu2, glibc/libc-devtools@2.35-0ubuntu3.1
  From: libgd2/libgd3@2.3.0-2ubuntu2
  From: glibc/libc-devtools@2.35-0ubuntu3.1 > libgd2/libgd3@2.3.0-2ubuntu2
  Image layer: 'apt install -y libncursesw5-dev autotools-dev autoconf automake build-essential'

✗ Low severity vulnerability found in krb5/libkrb5-3
  Description: Integer Overflow or Wraparound
  Info: https://security.snyk.io/vuln/SNYK-UBUNTU2204-KRB5-2797765
  Introduced through: krb5/libkrb5-3@1.19.2-2ubuntu0.1, adduser@3.118ubuntu5, krb5/libgssapi-krb5-2@1.19.2-2ubuntu0.1, meta-common-packages@meta
  From: krb5/libkrb5-3@1.19.2-2ubuntu0.1
  From: adduser@3.118ubuntu5 > shadow/passwd@1:4.8.1-2ubuntu2.1 > pam/libpam-modules@1.4.0-11ubuntu2.3 > libnsl/libnsl2@1.3.0-2build2 > libtirpc/libtirpc3@1.3.2-2ubuntu0.1 > krb5/libgssapi-krb5-2@1.19.2-2ubuntu0.1 > krb5/libkrb5-3@1.19.2-2ubuntu0.1
  From: krb5/libgssapi-krb5-2@1.19.2-2ubuntu0.1
  and 3 more...
  Image layer: Introduced by your base image (ubuntu:22.04)

✗ Low severity vulnerability found in gnupg2/gpgv
  Description: Out-of-bounds Write
  Info: https://security.snyk.io/vuln/SNYK-UBUNTU2204-GNUPG2-3035409
  Introduced through: gnupg2/gpgv@2.2.27-3ubuntu2.1, apt@2.4.8, gnupg2/gnupg@2.2.27-3ubuntu2.1, gnupg2/gpgconf@2.2.27-3ubuntu2.1, gnupg2/dirmngr@2.2.27-3ubuntu2.1, gnupg2/gnupg-l10n@2.2.27-3ubuntu2.1, gnupg2/gnupg-utils@2.2.27-3ubuntu2.1, gnupg2/gpg@2.2.27-3ubuntu2.1, gnupg2/gpg-agent@2.2.27-3ubuntu2.1, gnupg2/gpg-wks-client@2.2.27-3ubuntu2.1, gnupg2/gpg-wks-server@2.2.27-3ubuntu2.1, gnupg2/gpgsm@2.2.27-3ubuntu2.1
  From: gnupg2/gpgv@2.2.27-3ubuntu2.1
  From: apt@2.4.8 > gnupg2/gpgv@2.2.27-3ubuntu2.1
  From: gnupg2/gnupg@2.2.27-3ubuntu2.1 > gnupg2/gpgv@2.2.27-3ubuntu2.1
  and 27 more...
  Image layer: Introduced by your base image (ubuntu:22.04)

✗ Low severity vulnerability found in glibc/libc6-dev
  Description: Allocation of Resources Without Limits or Throttling
  Info: https://security.snyk.io/vuln/SNYK-UBUNTU2204-GLIBC-2801292
  Introduced through: build-essential@12.9ubuntu3, ncurses/libncursesw5-dev@6.3-2, glibc/libc-bin@2.35-0ubuntu3.1, glibc/libc-devtools@2.35-0ubuntu3.1, meta-common-packages@meta
  From: build-essential@12.9ubuntu3 > glibc/libc6-dev@2.35-0ubuntu3.1
  From: ncurses/libncursesw5-dev@6.3-2 > ncurses/libncurses-dev@6.3-2 > glibc/libc6-dev@2.35-0ubuntu3.1
  From: build-essential@12.9ubuntu3 > gcc-defaults/g++@4:11.2.0-1ubuntu1 > gcc-11/g++-11@11.3.0-1ubuntu1~22.04 > gcc-11/libstdc++-11-dev@11.3.0-1ubuntu1~22.04 > glibc/libc6-dev@2.35-0ubuntu3.1
  and 4 more...
  Image layer: 'apt install -y libncursesw5-dev autotools-dev autoconf automake build-essential'

✗ Low severity vulnerability found in gcc-11
  Description: Resource Exhaustion
  Info: https://security.snyk.io/vuln/SNYK-UBUNTU2204-GCC11-2778097
  Introduced through: build-essential@12.9ubuntu3
  From: build-essential@12.9ubuntu3 > gcc-defaults/g++@4:11.2.0-1ubuntu1 > gcc-11@11.3.0-1ubuntu1~22.04
  From: build-essential@12.9ubuntu3 > gcc-defaults/gcc@4:11.2.0-1ubuntu1 > gcc-11@11.3.0-1ubuntu1~22.04
  From: build-essential@12.9ubuntu3 > gcc-defaults/g++@4:11.2.0-1ubuntu1 > gcc-11/g++-11@11.3.0-1ubuntu1~22.04 > gcc-11@11.3.0-1ubuntu1~22.04
  and 15 more...
  Image layer: 'apt install -y libncursesw5-dev autotools-dev autoconf automake build-essential'

✗ Low severity vulnerability found in coreutils
  Description: Improper Input Validation
  Info: https://security.snyk.io/vuln/SNYK-UBUNTU2204-COREUTILS-2801226
  Introduced through: coreutils@8.32-4.1ubuntu1, fontconfig/fontconfig-config@2.13.1-4.2ubuntu5
  From: coreutils@8.32-4.1ubuntu1
  From: fontconfig/fontconfig-config@2.13.1-4.2ubuntu5 > ucf@3.0043 > coreutils@8.32-4.1ubuntu1
  Image layer: Introduced by your base image (ubuntu:22.04)

✗ Low severity vulnerability found in binutils
  Description: Uncontrolled Recursion
  Info: https://security.snyk.io/vuln/SNYK-UBUNTU2204-BINUTILS-2776670
  Introduced through: build-essential@12.9ubuntu3
  From: build-essential@12.9ubuntu3 > dpkg/dpkg-dev@1.21.1ubuntu2.1 > binutils@2.38-4ubuntu2.1
  From: build-essential@12.9ubuntu3 > gcc-defaults/gcc@4:11.2.0-1ubuntu1 > gcc-11@11.3.0-1ubuntu1~22.04 > binutils@2.38-4ubuntu2.1
  From: build-essential@12.9ubuntu3 > gcc-defaults/gcc@4:11.2.0-1ubuntu1 > gcc-11@11.3.0-1ubuntu1~22.04 > binutils@2.38-4ubuntu2.1 > binutils/binutils-common@2.38-4ubuntu2.1
  and 8 more...
  Image layer: 'apt install -y libncursesw5-dev autotools-dev autoconf automake build-essential'

✗ Low severity vulnerability found in binutils
  Description: Improper Input Validation
  Info: https://security.snyk.io/vuln/SNYK-UBUNTU2204-BINUTILS-2793366
  Introduced through: build-essential@12.9ubuntu3
  From: build-essential@12.9ubuntu3 > dpkg/dpkg-dev@1.21.1ubuntu2.1 > binutils@2.38-4ubuntu2.1
  From: build-essential@12.9ubuntu3 > gcc-defaults/gcc@4:11.2.0-1ubuntu1 > gcc-11@11.3.0-1ubuntu1~22.04 > binutils@2.38-4ubuntu2.1
  From: build-essential@12.9ubuntu3 > gcc-defaults/gcc@4:11.2.0-1ubuntu1 > gcc-11@11.3.0-1ubuntu1~22.04 > binutils@2.38-4ubuntu2.1 > binutils/binutils-common@2.38-4ubuntu2.1
  and 8 more...
  Image layer: 'apt install -y libncursesw5-dev autotools-dev autoconf automake build-essential'

✗ Low severity vulnerability found in binutils
  Description: Missing Release of Resource after Effective Lifetime
  Info: https://security.snyk.io/vuln/SNYK-UBUNTU2204-BINUTILS-2796179
  Introduced through: build-essential@12.9ubuntu3
  From: build-essential@12.9ubuntu3 > dpkg/dpkg-dev@1.21.1ubuntu2.1 > binutils@2.38-4ubuntu2.1
  From: build-essential@12.9ubuntu3 > gcc-defaults/gcc@4:11.2.0-1ubuntu1 > gcc-11@11.3.0-1ubuntu1~22.04 > binutils@2.38-4ubuntu2.1
  From: build-essential@12.9ubuntu3 > gcc-defaults/gcc@4:11.2.0-1ubuntu1 > gcc-11@11.3.0-1ubuntu1~22.04 > binutils@2.38-4ubuntu2.1 > binutils/binutils-common@2.38-4ubuntu2.1
  and 8 more...
  Image layer: 'apt install -y libncursesw5-dev autotools-dev autoconf automake build-essential'

✗ Low severity vulnerability found in binutils
  Description: Allocation of Resources Without Limits or Throttling
  Info: https://security.snyk.io/vuln/SNYK-UBUNTU2204-BINUTILS-2801731
  Introduced through: build-essential@12.9ubuntu3
  From: build-essential@12.9ubuntu3 > dpkg/dpkg-dev@1.21.1ubuntu2.1 > binutils@2.38-4ubuntu2.1
  From: build-essential@12.9ubuntu3 > gcc-defaults/gcc@4:11.2.0-1ubuntu1 > gcc-11@11.3.0-1ubuntu1~22.04 > binutils@2.38-4ubuntu2.1
  From: build-essential@12.9ubuntu3 > gcc-defaults/gcc@4:11.2.0-1ubuntu1 > gcc-11@11.3.0-1ubuntu1~22.04 > binutils@2.38-4ubuntu2.1 > binutils/binutils-common@2.38-4ubuntu2.1
  and 8 more...
  Image layer: 'apt install -y libncursesw5-dev autotools-dev autoconf automake build-essential'

✗ Low severity vulnerability found in binutils
  Description: NULL Pointer Dereference
  Info: https://security.snyk.io/vuln/SNYK-UBUNTU2204-BINUTILS-3160540
  Introduced through: build-essential@12.9ubuntu3
  From: build-essential@12.9ubuntu3 > dpkg/dpkg-dev@1.21.1ubuntu2.1 > binutils@2.38-4ubuntu2.1
  From: build-essential@12.9ubuntu3 > gcc-defaults/gcc@4:11.2.0-1ubuntu1 > gcc-11@11.3.0-1ubuntu1~22.04 > binutils@2.38-4ubuntu2.1
  From: build-essential@12.9ubuntu3 > gcc-defaults/gcc@4:11.2.0-1ubuntu1 > gcc-11@11.3.0-1ubuntu1~22.04 > binutils@2.38-4ubuntu2.1 > binutils/binutils-common@2.38-4ubuntu2.1
  and 8 more...
  Image layer: 'apt install -y libncursesw5-dev autotools-dev autoconf automake build-essential'

✗ Low severity vulnerability found in binutils
  Description: Resource Exhaustion
  Info: https://security.snyk.io/vuln/SNYK-UBUNTU2204-BINUTILS-3227639
  Introduced through: build-essential@12.9ubuntu3
  From: build-essential@12.9ubuntu3 > dpkg/dpkg-dev@1.21.1ubuntu2.1 > binutils@2.38-4ubuntu2.1
  From: build-essential@12.9ubuntu3 > gcc-defaults/gcc@4:11.2.0-1ubuntu1 > gcc-11@11.3.0-1ubuntu1~22.04 > binutils@2.38-4ubuntu2.1
  From: build-essential@12.9ubuntu3 > gcc-defaults/gcc@4:11.2.0-1ubuntu1 > gcc-11@11.3.0-1ubuntu1~22.04 > binutils@2.38-4ubuntu2.1 > binutils/binutils-common@2.38-4ubuntu2.1
  and 8 more...
  Image layer: 'apt install -y libncursesw5-dev autotools-dev autoconf automake build-essential'

✗ Low severity vulnerability found in bash
  Description: Out-of-bounds Write
  Info: https://security.snyk.io/vuln/SNYK-UBUNTU2204-BASH-3098342
  Introduced through: bash@5.1-6ubuntu1
  From: bash@5.1-6ubuntu1
  Image layer: Introduced by your base image (ubuntu:22.04)

✗ Medium severity vulnerability found in tiff/libtiff5
  Description: Out-of-bounds Write
  Info: https://security.snyk.io/vuln/SNYK-UBUNTU2204-TIFF-3249976
  Introduced through: tiff/libtiff5@4.3.0-6ubuntu0.4, glibc/libc-devtools@2.35-0ubuntu3.1
  From: tiff/libtiff5@4.3.0-6ubuntu0.4
  From: glibc/libc-devtools@2.35-0ubuntu3.1 > libgd2/libgd3@2.3.0-2ubuntu2 > tiff/libtiff5@4.3.0-6ubuntu0.4
  Image layer: 'apt install -y libncursesw5-dev autotools-dev autoconf automake build-essential'

✗ Medium severity vulnerability found in gcc-defaults/cpp
  Description: Information Exposure
  Info: https://security.snyk.io/vuln/SNYK-UBUNTU2204-GCCDEFAULTS-2779305
  Introduced through: build-essential@12.9ubuntu3
  From: build-essential@12.9ubuntu3 > gcc-defaults/g++@4:11.2.0-1ubuntu1 > gcc-defaults/cpp@4:11.2.0-1ubuntu1
  From: build-essential@12.9ubuntu3 > gcc-defaults/gcc@4:11.2.0-1ubuntu1 > gcc-defaults/cpp@4:11.2.0-1ubuntu1
  From: build-essential@12.9ubuntu3 > gcc-defaults/gcc@4:11.2.0-1ubuntu1
  and 2 more...
  Image layer: 'apt install -y libncursesw5-dev autotools-dev autoconf automake build-essential'

✗ Medium severity vulnerability found in freetype/libfreetype6
  Description: Integer Overflow or Wraparound
  Info: https://security.snyk.io/vuln/SNYK-UBUNTU2204-FREETYPE-5425694
  Introduced through: freetype/libfreetype6@2.11.1+dfsg-1ubuntu0.1, glibc/libc-devtools@2.35-0ubuntu3.1
  From: freetype/libfreetype6@2.11.1+dfsg-1ubuntu0.1
  From: glibc/libc-devtools@2.35-0ubuntu3.1 > libgd2/libgd3@2.3.0-2ubuntu2 > freetype/libfreetype6@2.11.1+dfsg-1ubuntu0.1
  From: glibc/libc-devtools@2.35-0ubuntu3.1 > libgd2/libgd3@2.3.0-2ubuntu2 > fontconfig/libfontconfig1@2.13.1-4.2ubuntu5 > freetype/libfreetype6@2.11.1+dfsg-1ubuntu0.1
  Image layer: 'apt install -y libncursesw5-dev autotools-dev autoconf automake build-essential'



Organization:      vitaleantonio
Package manager:   deb
Project name:      docker-image|break-sep-processes
Docker image:      break-sep-processes
Platform:          linux/amd64
Base image:        ubuntu:22.04
Licenses:          enabled

Tested 212 dependencies for known issues, found 31 issues.

Your base image is out of date
1) Pull the latest version of your base image by running 'docker pull ubuntu:22.04'
2) Rebuild your local image

Learn more: https://docs.snyk.io/products/snyk-container/getting-around-the-snyk-container-ui/base-image-detection


