
app/Dockerfile (dockerfile)
===========================
Tests: 26 (SUCCESSES: 23, FAILURES: 3, EXCEPTIONS: 0)
Failures: 3 (UNKNOWN: 0, LOW: 1, MEDIUM: 1, HIGH: 1, CRITICAL: 0)

MEDIUM: Specify a tag in the 'FROM' statement for image 'ubuntu'
═════════════════════════════════════════════════════════════════════════════════════════════════════════════════════════════════════════════════
When using a 'FROM' statement you should use a specific tag to avoid uncontrolled behavior when the image is updated.

See https://avd.aquasec.com/misconfig/ds001
─────────────────────────────────────────────────────────────────────────────────────────────────────────────────────────────────────────────────
 app/Dockerfile:1
─────────────────────────────────────────────────────────────────────────────────────────────────────────────────────────────────────────────────
   1 [ FROM ubuntu:latest
─────────────────────────────────────────────────────────────────────────────────────────────────────────────────────────────────────────────────


HIGH: Specify at least 1 USER command in Dockerfile with non-root user as argument
═════════════════════════════════════════════════════════════════════════════════════════════════════════════════════════════════════════════════
Running containers with 'root' user can lead to a container escape situation. It is a best practice to run containers as non-root users, which can be done by adding a 'USER' statement to the Dockerfile.

See https://avd.aquasec.com/misconfig/ds002
─────────────────────────────────────────────────────────────────────────────────────────────────────────────────────────────────────────────────


LOW: Add HEALTHCHECK instruction in your Dockerfile
═════════════════════════════════════════════════════════════════════════════════════════════════════════════════════════════════════════════════
You should add HEALTHCHECK instruction in your docker container images to perform the health check on running containers.

See https://avd.aquasec.com/misconfig/ds026
─────────────────────────────────────────────────────────────────────────────────────────────────────────────────────────────────────────────────


