
Testing viol-isol-filesystem...

✗ Low severity vulnerability found in shadow/passwd
  Description: Arbitrary Code Injection
  Info: https://security.snyk.io/vuln/SNYK-UBUNTU2204-SHADOW-5425688
  Introduced through: shadow/passwd@1:4.8.1-2ubuntu2.1, adduser@3.118ubuntu5, shadow/login@1:4.8.1-2ubuntu2.1
  From: shadow/passwd@1:4.8.1-2ubuntu2.1
  From: adduser@3.118ubuntu5 > shadow/passwd@1:4.8.1-2ubuntu2.1
  From: shadow/login@1:4.8.1-2ubuntu2.1
  Image layer: Introduced by your base image ($OWNER/docker-stacks-foundation)

✗ Low severity vulnerability found in pcre3/libpcre3
  Description: Uncontrolled Recursion
  Info: https://security.snyk.io/vuln/SNYK-UBUNTU2204-PCRE3-2799820
  Introduced through: pcre3/libpcre3@2:8.39-13ubuntu0.22.04.1, grep@3.7-1build1, pandoc@2.9.2.1-3ubuntu2
  From: pcre3/libpcre3@2:8.39-13ubuntu0.22.04.1
  From: grep@3.7-1build1 > pcre3/libpcre3@2:8.39-13ubuntu0.22.04.1
  From: pandoc@2.9.2.1-3ubuntu2 > pcre3/libpcre3@2:8.39-13ubuntu0.22.04.1
  Image layer: 'apt-get install --yes --no-install-recommends fonts-liberation curl zip pandoc run-one'

✗ Low severity vulnerability found in openssl/libssl3
  Description: Out-of-bounds Read
  Info: https://security.snyk.io/vuln/SNYK-UBUNTU2204-OPENSSL-5438818
  Introduced through: openssl/libssl3@3.0.2-0ubuntu1.9, wget@1.21.2-2ubuntu1, ca-certificates@20211016ubuntu0.22.04.1, curl@7.81.0-1ubuntu1.10, adduser@3.118ubuntu5
  From: openssl/libssl3@3.0.2-0ubuntu1.9
  From: wget@1.21.2-2ubuntu1 > openssl/libssl3@3.0.2-0ubuntu1.9
  From: ca-certificates@20211016ubuntu0.22.04.1 > openssl@3.0.2-0ubuntu1.9 > openssl/libssl3@3.0.2-0ubuntu1.9
  and 4 more...
  Image layer: 'apt-get install --yes --no-install-recommends fonts-liberation curl zip pandoc run-one'

✗ Low severity vulnerability found in ncurses/libtinfo6
  Description: Out-of-bounds Read
  Info: https://security.snyk.io/vuln/SNYK-UBUNTU2204-NCURSES-2801048
  Introduced through: ncurses/libtinfo6@6.3-2, bash@5.1-6ubuntu1, ncurses/libncurses6@6.3-2, ncurses/libncursesw6@6.3-2, ncurses/ncurses-bin@6.3-2, procps@2:3.3.17-6ubuntu2, util-linux@2.37.2-4ubuntu3, ncurses/ncurses-base@6.3-2
  From: ncurses/libtinfo6@6.3-2
  From: bash@5.1-6ubuntu1 > ncurses/libtinfo6@6.3-2
  From: ncurses/libncurses6@6.3-2 > ncurses/libtinfo6@6.3-2
  and 10 more...
  Image layer: Introduced by your base image ($OWNER/docker-stacks-foundation)

✗ Low severity vulnerability found in libzstd/libzstd1
  Description: Resource Exhaustion
  Info: https://security.snyk.io/vuln/SNYK-UBUNTU2204-LIBZSTD-3368800
  Introduced through: meta-common-packages@meta
  From: meta-common-packages@meta > libzstd/libzstd1@1.4.8+dfsg-3build1
  Image layer: Introduced by your base image ($OWNER/docker-stacks-foundation)

✗ Low severity vulnerability found in krb5/libkrb5support0
  Description: Integer Overflow or Wraparound
  Info: https://security.snyk.io/vuln/SNYK-UBUNTU2204-KRB5-2797765
  Introduced through: krb5/libkrb5support0@1.19.2-2ubuntu0.1, adduser@3.118ubuntu5, krb5/libk5crypto3@1.19.2-2ubuntu0.1, krb5/libkrb5-3@1.19.2-2ubuntu0.1, krb5/libgssapi-krb5-2@1.19.2-2ubuntu0.1, curl@7.81.0-1ubuntu1.10
  From: krb5/libkrb5support0@1.19.2-2ubuntu0.1
  From: adduser@3.118ubuntu5 > shadow/passwd@1:4.8.1-2ubuntu2.1 > pam/libpam-modules@1.4.0-11ubuntu2.3 > libnsl/libnsl2@1.3.0-2build2 > libtirpc/libtirpc3@1.3.2-2ubuntu0.1 > krb5/libgssapi-krb5-2@1.19.2-2ubuntu0.1 > krb5/libkrb5support0@1.19.2-2ubuntu0.1
  From: adduser@3.118ubuntu5 > shadow/passwd@1:4.8.1-2ubuntu2.1 > pam/libpam-modules@1.4.0-11ubuntu2.3 > libnsl/libnsl2@1.3.0-2build2 > libtirpc/libtirpc3@1.3.2-2ubuntu0.1 > krb5/libgssapi-krb5-2@1.19.2-2ubuntu0.1 > krb5/libk5crypto3@1.19.2-2ubuntu0.1 > krb5/libkrb5support0@1.19.2-2ubuntu0.1
  and 10 more...
  Image layer: 'apt-get install --yes --no-install-recommends fonts-liberation curl zip pandoc run-one'

✗ Low severity vulnerability found in gnupg2/gpgv
  Description: Out-of-bounds Write
  Info: https://security.snyk.io/vuln/SNYK-UBUNTU2204-GNUPG2-3035409
  Introduced through: gnupg2/gpgv@2.2.27-3ubuntu2.1, apt@2.4.9
  From: gnupg2/gpgv@2.2.27-3ubuntu2.1
  From: apt@2.4.9 > gnupg2/gpgv@2.2.27-3ubuntu2.1
  Image layer: Introduced by your base image ($OWNER/docker-stacks-foundation)

✗ Low severity vulnerability found in glibc/libc-bin
  Description: Allocation of Resources Without Limits or Throttling
  Info: https://security.snyk.io/vuln/SNYK-UBUNTU2204-GLIBC-2801292
  Introduced through: glibc/libc-bin@2.35-0ubuntu3.1, glibc/locales@2.35-0ubuntu3.1, meta-common-packages@meta
  From: glibc/libc-bin@2.35-0ubuntu3.1
  From: glibc/locales@2.35-0ubuntu3.1 > glibc/libc-bin@2.35-0ubuntu3.1
  From: glibc/locales@2.35-0ubuntu3.1
  and 1 more...
  Image layer: Introduced by your base image ($OWNER/docker-stacks-foundation)

✗ Low severity vulnerability found in coreutils
  Description: Improper Input Validation
  Info: https://security.snyk.io/vuln/SNYK-UBUNTU2204-COREUTILS-2801226
  Introduced through: coreutils@8.32-4.1ubuntu1
  From: coreutils@8.32-4.1ubuntu1
  Image layer: Introduced by your base image ($OWNER/docker-stacks-foundation)

✗ Low severity vulnerability found in bash
  Description: Out-of-bounds Write
  Info: https://security.snyk.io/vuln/SNYK-UBUNTU2204-BASH-3098342
  Introduced through: bash@5.1-6ubuntu1
  From: bash@5.1-6ubuntu1
  Image layer: Introduced by your base image ($OWNER/docker-stacks-foundation)

✗ Medium severity vulnerability found in wget
  Description: Open Redirect
  Info: https://security.snyk.io/vuln/SNYK-UBUNTU2204-WGET-2785488
  Introduced through: wget@1.21.2-2ubuntu1
  From: wget@1.21.2-2ubuntu1
  Image layer: Introduced by your base image ($OWNER/docker-stacks-foundation)

✗ Medium severity vulnerability found in curl/libcurl4
  Description: Cleartext Transmission of Sensitive Information
  Info: https://security.snyk.io/vuln/SNYK-UBUNTU2204-CURL-3070953
  Introduced through: curl@7.81.0-1ubuntu1.10
  From: curl@7.81.0-1ubuntu1.10 > curl/libcurl4@7.81.0-1ubuntu1.10
  From: curl@7.81.0-1ubuntu1.10
  Image layer: 'apt-get install --yes --no-install-recommends fonts-liberation curl zip pandoc run-one'

✗ Medium severity vulnerability found in curl/libcurl4
  Description: Double Free
  Info: https://security.snyk.io/vuln/SNYK-UBUNTU2204-CURL-3070966
  Introduced through: curl@7.81.0-1ubuntu1.10
  From: curl@7.81.0-1ubuntu1.10 > curl/libcurl4@7.81.0-1ubuntu1.10
  From: curl@7.81.0-1ubuntu1.10
  Image layer: 'apt-get install --yes --no-install-recommends fonts-liberation curl zip pandoc run-one'

✗ Medium severity vulnerability found in curl/libcurl4
  Description: Exposure of Resource to Wrong Sphere
  Info: https://security.snyk.io/vuln/SNYK-UBUNTU2204-CURL-3070972
  Introduced through: curl@7.81.0-1ubuntu1.10
  From: curl@7.81.0-1ubuntu1.10 > curl/libcurl4@7.81.0-1ubuntu1.10
  From: curl@7.81.0-1ubuntu1.10
  Image layer: 'apt-get install --yes --no-install-recommends fonts-liberation curl zip pandoc run-one'



Organization:      vitaleantonio
Package manager:   deb
Target file:       /home/visha/Universita/Magistrale/I_Anno/II_semestre/Software_Security_II/Project/Application/Practice/docker_attacks/New_attacks/Violate_the_isolation_of_filesystem/base-notebook/Dockerfile
Project name:      docker-image|viol-isol-filesystem
Docker image:      viol-isol-filesystem
Platform:          linux/amd64
Base image:        $OWNER/docker-stacks-foundation
Licenses:          enabled

Tested 126 dependencies for known issues, found 14 issues.

Invalid base image name

Pro tip: use `--exclude-base-image-vulns` to exclude from display Docker base image vulnerabilities.

Snyk found some vulnerabilities in your image applications (Snyk searches for these vulnerabilities by default). See https://snyk.co/app-vulns for more information.

To remove these messages in the future, please run `snyk config set disableSuggestions=true`

Learn more: https://docs.snyk.io/products/snyk-container/getting-around-the-snyk-container-ui/base-image-detection

-------------------------------------------------------

Testing viol-isol-filesystem...

✗ Low severity vulnerability found in minimist
  Description: Prototype Pollution
  Info: https://security.snyk.io/vuln/SNYK-JS-MINIMIST-2429795
  Introduced through: @jupyterlab/coreutils@5.6.3, @jupyterlab/application@3.6.3, @jupyterlab/application-extension@3.6.3, @jupyterlab/apputils-extension@3.6.3, @jupyterlab/collaboration-extension@3.6.3, @jupyterlab/debugger-extension@3.6.3, @jupyterlab/docmanager-extension@3.6.3, @jupyterlab/docprovider-extension@3.6.3, @jupyterlab/filebrowser-extension@3.6.3, @jupyterlab/fileeditor-extension@3.6.3, @jupyterlab/help-extension@3.6.3, @jupyterlab/hub-extension@3.6.3, @jupyterlab/logconsole-extension@3.6.3, @jupyterlab/mainmenu-extension@3.6.3, @jupyterlab/markdownviewer-extension@3.6.3, @jupyterlab/mathjax2-extension@3.6.3, @jupyterlab/notebook-extension@3.6.3, @jupyterlab/running-extension@3.6.3, @jupyterlab/tooltip-extension@3.6.3, @jupyterlab/completer-extension@3.6.3, @jupyterlab/terminal-extension@3.6.3, @jupyterlab/cell-toolbar-extension@3.6.3, @jupyterlab/celltags-extension@3.6.3, @jupyterlab/codemirror-extension@3.6.3, @jupyterlab/console-extension@3.6.3, @jupyterlab/csvviewer-extension@3.6.3, @jupyterlab/documentsearch-extension@3.6.3, @jupyterlab/extensionmanager-extension@3.6.3, @jupyterlab/htmlviewer-extension@3.6.3, @jupyterlab/imageviewer-extension@3.6.3, @jupyterlab/inspector-extension@3.6.3, @jupyterlab/json-extension@3.6.3, @jupyterlab/launcher-extension@3.6.3, @jupyterlab/rendermime-extension@3.6.3, @jupyterlab/settingeditor-extension@3.6.3, @jupyterlab/shortcuts-extension@3.6.3, @jupyterlab/statusbar-extension@3.6.3, @jupyterlab/theme-dark-extension@3.6.3, @jupyterlab/theme-light-extension@3.6.3, @jupyterlab/toc-extension@5.6.3, @jupyterlab/translation-extension@3.6.3, @jupyterlab/ui-components-extension@3.6.3, @jupyterlab/vdom-extension@3.6.3, @jupyterlab/javascript-extension@3.6.3, @jupyterlab/pdf-extension@3.6.3, @jupyterlab/vega5-extension@3.6.3
  From: @jupyterlab/coreutils@5.6.3 > minimist@1.2.5
  From: @jupyterlab/application@3.6.3 > @jupyterlab/coreutils@5.6.3 > minimist@1.2.5
  From: @jupyterlab/application-extension@3.6.3 > @jupyterlab/coreutils@5.6.3 > minimist@1.2.5
  and 58092 more...
  Fixed in: 0.2.4, 1.2.6

✗ Medium severity vulnerability found in vega-functions
  Description: Cross-site Scripting (XSS)
  Info: https://security.snyk.io/vuln/SNYK-JS-VEGAFUNCTIONS-3338520
  Introduced through: @jupyterlab/vega5-extension@3.6.3
  From: @jupyterlab/vega5-extension@3.6.3 > vega@5.21.0 > vega-functions@5.12.1
  From: @jupyterlab/vega5-extension@3.6.3 > vega@5.21.0 > vega-parser@6.1.4 > vega-functions@5.12.1
  From: @jupyterlab/vega5-extension@3.6.3 > vega@5.21.0 > vega-view@5.10.1 > vega-functions@5.12.1
  Fixed in: 5.13.1

✗ Medium severity vulnerability found in vega-functions
  Description: Cross-site Scripting (XSS)
  Info: https://security.snyk.io/vuln/SNYK-JS-VEGAFUNCTIONS-3338523
  Introduced through: @jupyterlab/vega5-extension@3.6.3
  From: @jupyterlab/vega5-extension@3.6.3 > vega@5.21.0 > vega-functions@5.12.1
  From: @jupyterlab/vega5-extension@3.6.3 > vega@5.21.0 > vega-parser@6.1.4 > vega-functions@5.12.1
  From: @jupyterlab/vega5-extension@3.6.3 > vega@5.21.0 > vega-view@5.10.1 > vega-functions@5.12.1
  Fixed in: 5.13.1

✗ Medium severity vulnerability found in vega
  Description: Cross-site Scripting (XSS)
  Info: https://security.snyk.io/vuln/SNYK-JS-VEGA-3338521
  Introduced through: @jupyterlab/vega5-extension@3.6.3
  From: @jupyterlab/vega5-extension@3.6.3 > vega@5.21.0
  Fixed in: 5.23.0

✗ Medium severity vulnerability found in vega
  Description: Cross-site Scripting (XSS)
  Info: https://security.snyk.io/vuln/SNYK-JS-VEGA-3338522
  Introduced through: @jupyterlab/vega5-extension@3.6.3
  From: @jupyterlab/vega5-extension@3.6.3 > vega@5.21.0
  Fixed in: 5.23.0

✗ Medium severity vulnerability found in url-parse
  Description: Open Redirect
  Info: https://security.snyk.io/vuln/SNYK-JS-URLPARSE-1533425
  Introduced through: @jupyterlab/coreutils@5.6.3, @jupyterlab/application@3.6.3, @jupyterlab/application-extension@3.6.3, @jupyterlab/apputils-extension@3.6.3, @jupyterlab/collaboration-extension@3.6.3, @jupyterlab/debugger-extension@3.6.3, @jupyterlab/docmanager-extension@3.6.3, @jupyterlab/docprovider-extension@3.6.3, @jupyterlab/filebrowser-extension@3.6.3, @jupyterlab/fileeditor-extension@3.6.3, @jupyterlab/help-extension@3.6.3, @jupyterlab/hub-extension@3.6.3, @jupyterlab/logconsole-extension@3.6.3, @jupyterlab/mainmenu-extension@3.6.3, @jupyterlab/markdownviewer-extension@3.6.3, @jupyterlab/mathjax2-extension@3.6.3, @jupyterlab/notebook-extension@3.6.3, @jupyterlab/running-extension@3.6.3, @jupyterlab/tooltip-extension@3.6.3, @jupyterlab/completer-extension@3.6.3, @jupyterlab/terminal-extension@3.6.3, @jupyterlab/cell-toolbar-extension@3.6.3, @jupyterlab/celltags-extension@3.6.3, @jupyterlab/codemirror-extension@3.6.3, @jupyterlab/console-extension@3.6.3, @jupyterlab/csvviewer-extension@3.6.3, @jupyterlab/documentsearch-extension@3.6.3, @jupyterlab/extensionmanager-extension@3.6.3, @jupyterlab/htmlviewer-extension@3.6.3, @jupyterlab/imageviewer-extension@3.6.3, @jupyterlab/inspector-extension@3.6.3, @jupyterlab/json-extension@3.6.3, @jupyterlab/launcher-extension@3.6.3, @jupyterlab/rendermime-extension@3.6.3, @jupyterlab/settingeditor-extension@3.6.3, @jupyterlab/shortcuts-extension@3.6.3, @jupyterlab/statusbar-extension@3.6.3, @jupyterlab/theme-dark-extension@3.6.3, @jupyterlab/theme-light-extension@3.6.3, @jupyterlab/toc-extension@5.6.3, @jupyterlab/translation-extension@3.6.3, @jupyterlab/ui-components-extension@3.6.3, @jupyterlab/vdom-extension@3.6.3, @jupyterlab/javascript-extension@3.6.3, @jupyterlab/pdf-extension@3.6.3, @jupyterlab/vega5-extension@3.6.3
  From: @jupyterlab/coreutils@5.6.3 > url-parse@1.5.1
  From: @jupyterlab/application@3.6.3 > @jupyterlab/coreutils@5.6.3 > url-parse@1.5.1
  From: @jupyterlab/application-extension@3.6.3 > @jupyterlab/coreutils@5.6.3 > url-parse@1.5.1
  and 39266 more...
  Fixed in: 1.5.2

✗ Medium severity vulnerability found in url-parse
  Description: Access Restriction Bypass
  Info: https://security.snyk.io/vuln/SNYK-JS-URLPARSE-2401205
  Introduced through: @jupyterlab/coreutils@5.6.3, @jupyterlab/application@3.6.3, @jupyterlab/application-extension@3.6.3, @jupyterlab/apputils-extension@3.6.3, @jupyterlab/collaboration-extension@3.6.3, @jupyterlab/debugger-extension@3.6.3, @jupyterlab/docmanager-extension@3.6.3, @jupyterlab/docprovider-extension@3.6.3, @jupyterlab/filebrowser-extension@3.6.3, @jupyterlab/fileeditor-extension@3.6.3, @jupyterlab/help-extension@3.6.3, @jupyterlab/hub-extension@3.6.3, @jupyterlab/logconsole-extension@3.6.3, @jupyterlab/mainmenu-extension@3.6.3, @jupyterlab/markdownviewer-extension@3.6.3, @jupyterlab/mathjax2-extension@3.6.3, @jupyterlab/notebook-extension@3.6.3, @jupyterlab/running-extension@3.6.3, @jupyterlab/tooltip-extension@3.6.3, @jupyterlab/completer-extension@3.6.3, @jupyterlab/terminal-extension@3.6.3, @jupyterlab/cell-toolbar-extension@3.6.3, @jupyterlab/celltags-extension@3.6.3, @jupyterlab/codemirror-extension@3.6.3, @jupyterlab/console-extension@3.6.3, @jupyterlab/csvviewer-extension@3.6.3, @jupyterlab/documentsearch-extension@3.6.3, @jupyterlab/extensionmanager-extension@3.6.3, @jupyterlab/htmlviewer-extension@3.6.3, @jupyterlab/imageviewer-extension@3.6.3, @jupyterlab/inspector-extension@3.6.3, @jupyterlab/json-extension@3.6.3, @jupyterlab/launcher-extension@3.6.3, @jupyterlab/rendermime-extension@3.6.3, @jupyterlab/settingeditor-extension@3.6.3, @jupyterlab/shortcuts-extension@3.6.3, @jupyterlab/statusbar-extension@3.6.3, @jupyterlab/theme-dark-extension@3.6.3, @jupyterlab/theme-light-extension@3.6.3, @jupyterlab/toc-extension@5.6.3, @jupyterlab/translation-extension@3.6.3, @jupyterlab/ui-components-extension@3.6.3, @jupyterlab/vdom-extension@3.6.3, @jupyterlab/javascript-extension@3.6.3, @jupyterlab/pdf-extension@3.6.3, @jupyterlab/vega5-extension@3.6.3
  From: @jupyterlab/coreutils@5.6.3 > url-parse@1.5.1
  From: @jupyterlab/application@3.6.3 > @jupyterlab/coreutils@5.6.3 > url-parse@1.5.1
  From: @jupyterlab/application-extension@3.6.3 > @jupyterlab/coreutils@5.6.3 > url-parse@1.5.1
  and 39266 more...
  Fixed in: 1.5.6

✗ Medium severity vulnerability found in url-parse
  Description: Authorization Bypass
  Info: https://security.snyk.io/vuln/SNYK-JS-URLPARSE-2407759
  Introduced through: @jupyterlab/coreutils@5.6.3, @jupyterlab/application@3.6.3, @jupyterlab/application-extension@3.6.3, @jupyterlab/apputils-extension@3.6.3, @jupyterlab/collaboration-extension@3.6.3, @jupyterlab/debugger-extension@3.6.3, @jupyterlab/docmanager-extension@3.6.3, @jupyterlab/docprovider-extension@3.6.3, @jupyterlab/filebrowser-extension@3.6.3, @jupyterlab/fileeditor-extension@3.6.3, @jupyterlab/help-extension@3.6.3, @jupyterlab/hub-extension@3.6.3, @jupyterlab/logconsole-extension@3.6.3, @jupyterlab/mainmenu-extension@3.6.3, @jupyterlab/markdownviewer-extension@3.6.3, @jupyterlab/mathjax2-extension@3.6.3, @jupyterlab/notebook-extension@3.6.3, @jupyterlab/running-extension@3.6.3, @jupyterlab/tooltip-extension@3.6.3, @jupyterlab/completer-extension@3.6.3, @jupyterlab/terminal-extension@3.6.3, @jupyterlab/cell-toolbar-extension@3.6.3, @jupyterlab/celltags-extension@3.6.3, @jupyterlab/codemirror-extension@3.6.3, @jupyterlab/console-extension@3.6.3, @jupyterlab/csvviewer-extension@3.6.3, @jupyterlab/documentsearch-extension@3.6.3, @jupyterlab/extensionmanager-extension@3.6.3, @jupyterlab/htmlviewer-extension@3.6.3, @jupyterlab/imageviewer-extension@3.6.3, @jupyterlab/inspector-extension@3.6.3, @jupyterlab/json-extension@3.6.3, @jupyterlab/launcher-extension@3.6.3, @jupyterlab/rendermime-extension@3.6.3, @jupyterlab/settingeditor-extension@3.6.3, @jupyterlab/shortcuts-extension@3.6.3, @jupyterlab/statusbar-extension@3.6.3, @jupyterlab/theme-dark-extension@3.6.3, @jupyterlab/theme-light-extension@3.6.3, @jupyterlab/toc-extension@5.6.3, @jupyterlab/translation-extension@3.6.3, @jupyterlab/ui-components-extension@3.6.3, @jupyterlab/vdom-extension@3.6.3, @jupyterlab/javascript-extension@3.6.3, @jupyterlab/pdf-extension@3.6.3, @jupyterlab/vega5-extension@3.6.3
  From: @jupyterlab/coreutils@5.6.3 > url-parse@1.5.1
  From: @jupyterlab/application@3.6.3 > @jupyterlab/coreutils@5.6.3 > url-parse@1.5.1
  From: @jupyterlab/application-extension@3.6.3 > @jupyterlab/coreutils@5.6.3 > url-parse@1.5.1
  and 39266 more...
  Fixed in: 1.5.8

✗ Medium severity vulnerability found in url-parse
  Description: Authorization Bypass Through User-Controlled Key
  Info: https://security.snyk.io/vuln/SNYK-JS-URLPARSE-2412697
  Introduced through: @jupyterlab/coreutils@5.6.3, @jupyterlab/application@3.6.3, @jupyterlab/application-extension@3.6.3, @jupyterlab/apputils-extension@3.6.3, @jupyterlab/collaboration-extension@3.6.3, @jupyterlab/debugger-extension@3.6.3, @jupyterlab/docmanager-extension@3.6.3, @jupyterlab/docprovider-extension@3.6.3, @jupyterlab/filebrowser-extension@3.6.3, @jupyterlab/fileeditor-extension@3.6.3, @jupyterlab/help-extension@3.6.3, @jupyterlab/hub-extension@3.6.3, @jupyterlab/logconsole-extension@3.6.3, @jupyterlab/mainmenu-extension@3.6.3, @jupyterlab/markdownviewer-extension@3.6.3, @jupyterlab/mathjax2-extension@3.6.3, @jupyterlab/notebook-extension@3.6.3, @jupyterlab/running-extension@3.6.3, @jupyterlab/tooltip-extension@3.6.3, @jupyterlab/completer-extension@3.6.3, @jupyterlab/terminal-extension@3.6.3, @jupyterlab/cell-toolbar-extension@3.6.3, @jupyterlab/celltags-extension@3.6.3, @jupyterlab/codemirror-extension@3.6.3, @jupyterlab/console-extension@3.6.3, @jupyterlab/csvviewer-extension@3.6.3, @jupyterlab/documentsearch-extension@3.6.3, @jupyterlab/extensionmanager-extension@3.6.3, @jupyterlab/htmlviewer-extension@3.6.3, @jupyterlab/imageviewer-extension@3.6.3, @jupyterlab/inspector-extension@3.6.3, @jupyterlab/json-extension@3.6.3, @jupyterlab/launcher-extension@3.6.3, @jupyterlab/rendermime-extension@3.6.3, @jupyterlab/settingeditor-extension@3.6.3, @jupyterlab/shortcuts-extension@3.6.3, @jupyterlab/statusbar-extension@3.6.3, @jupyterlab/theme-dark-extension@3.6.3, @jupyterlab/theme-light-extension@3.6.3, @jupyterlab/toc-extension@5.6.3, @jupyterlab/translation-extension@3.6.3, @jupyterlab/ui-components-extension@3.6.3, @jupyterlab/vdom-extension@3.6.3, @jupyterlab/javascript-extension@3.6.3, @jupyterlab/pdf-extension@3.6.3, @jupyterlab/vega5-extension@3.6.3
  From: @jupyterlab/coreutils@5.6.3 > url-parse@1.5.1
  From: @jupyterlab/application@3.6.3 > @jupyterlab/coreutils@5.6.3 > url-parse@1.5.1
  From: @jupyterlab/application-extension@3.6.3 > @jupyterlab/coreutils@5.6.3 > url-parse@1.5.1
  and 39266 more...
  Fixed in: 1.5.7

✗ Medium severity vulnerability found in nanoid
  Description: Information Exposure
  Info: https://security.snyk.io/vuln/SNYK-JS-NANOID-2332193
  Introduced through: @jupyterlab/application@3.6.3, @jupyterlab/application-extension@3.6.3, @jupyterlab/apputils-extension@3.6.3, @jupyterlab/collaboration-extension@3.6.3, @jupyterlab/console-extension@3.6.3, @jupyterlab/docmanager-extension@3.6.3, @jupyterlab/extensionmanager-extension@3.6.3, @jupyterlab/filebrowser-extension@3.6.3, @jupyterlab/fileeditor-extension@3.6.3, @jupyterlab/help-extension@3.6.3, @jupyterlab/htmlviewer-extension@3.6.3, @jupyterlab/inspector-extension@3.6.3, @jupyterlab/json-extension@3.6.3, @jupyterlab/launcher-extension@3.6.3, @jupyterlab/logconsole-extension@3.6.3, @jupyterlab/mainmenu-extension@3.6.3, @jupyterlab/notebook-extension@3.6.3, @jupyterlab/running-extension@3.6.3, @jupyterlab/settingeditor-extension@3.6.3, @jupyterlab/shortcuts-extension@3.6.3, @jupyterlab/statusbar-extension@3.6.3, @jupyterlab/terminal-extension@3.6.3, @jupyterlab/toc-extension@5.6.3, @jupyterlab/ui-components-extension@3.6.3, @jupyterlab/vdom-extension@3.6.3, @jupyterlab/cell-toolbar-extension@3.6.3, @jupyterlab/completer-extension@3.6.3, @jupyterlab/csvviewer-extension@3.6.3, @jupyterlab/debugger-extension@3.6.3, @jupyterlab/documentsearch-extension@3.6.3, @jupyterlab/hub-extension@3.6.3, @jupyterlab/imageviewer-extension@3.6.3, @jupyterlab/markdownviewer-extension@3.6.3, @jupyterlab/rendermime-extension@3.6.3, @jupyterlab/theme-dark-extension@3.6.3, @jupyterlab/theme-light-extension@3.6.3, @jupyterlab/translation-extension@3.6.3, @jupyterlab/codemirror-extension@3.6.3, @jupyterlab/tooltip-extension@3.6.3, @jupyterlab/celltags-extension@3.6.3, @jupyterlab/docprovider-extension@3.6.3, @jupyterlab/mathjax2-extension@3.6.3, @jupyterlab/javascript-extension@3.6.3
  From: @jupyterlab/application@3.6.3 > @jupyterlab/ui-components@3.6.3 > @rjsf/core@3.1.0 > nanoid@3.1.30
  From: @jupyterlab/application-extension@3.6.3 > @jupyterlab/ui-components@3.6.3 > @rjsf/core@3.1.0 > nanoid@3.1.30
  From: @jupyterlab/apputils-extension@3.6.3 > @jupyterlab/ui-components@3.6.3 > @rjsf/core@3.1.0 > nanoid@3.1.30
  and 7538 more...
  Fixed in: 3.1.31

✗ Medium severity vulnerability found in jsonpointer
  Description: Prototype Pollution
  Info: https://security.snyk.io/vuln/SNYK-JS-JSONPOINTER-1577288
  Introduced through: @jupyterlab/application@3.6.3, @jupyterlab/application-extension@3.6.3, @jupyterlab/apputils-extension@3.6.3, @jupyterlab/collaboration-extension@3.6.3, @jupyterlab/console-extension@3.6.3, @jupyterlab/docmanager-extension@3.6.3, @jupyterlab/extensionmanager-extension@3.6.3, @jupyterlab/filebrowser-extension@3.6.3, @jupyterlab/fileeditor-extension@3.6.3, @jupyterlab/help-extension@3.6.3, @jupyterlab/htmlviewer-extension@3.6.3, @jupyterlab/inspector-extension@3.6.3, @jupyterlab/json-extension@3.6.3, @jupyterlab/launcher-extension@3.6.3, @jupyterlab/logconsole-extension@3.6.3, @jupyterlab/mainmenu-extension@3.6.3, @jupyterlab/notebook-extension@3.6.3, @jupyterlab/running-extension@3.6.3, @jupyterlab/settingeditor-extension@3.6.3, @jupyterlab/shortcuts-extension@3.6.3, @jupyterlab/statusbar-extension@3.6.3, @jupyterlab/terminal-extension@3.6.3, @jupyterlab/toc-extension@5.6.3, @jupyterlab/ui-components-extension@3.6.3, @jupyterlab/vdom-extension@3.6.3, @jupyterlab/cell-toolbar-extension@3.6.3, @jupyterlab/completer-extension@3.6.3, @jupyterlab/csvviewer-extension@3.6.3, @jupyterlab/debugger-extension@3.6.3, @jupyterlab/documentsearch-extension@3.6.3, @jupyterlab/hub-extension@3.6.3, @jupyterlab/imageviewer-extension@3.6.3, @jupyterlab/markdownviewer-extension@3.6.3, @jupyterlab/rendermime-extension@3.6.3, @jupyterlab/theme-dark-extension@3.6.3, @jupyterlab/theme-light-extension@3.6.3, @jupyterlab/translation-extension@3.6.3, @jupyterlab/codemirror-extension@3.6.3, @jupyterlab/tooltip-extension@3.6.3, @jupyterlab/celltags-extension@3.6.3, @jupyterlab/docprovider-extension@3.6.3, @jupyterlab/mathjax2-extension@3.6.3, @jupyterlab/javascript-extension@3.6.3
  From: @jupyterlab/application@3.6.3 > @jupyterlab/ui-components@3.6.3 > @rjsf/core@3.1.0 > jsonpointer@4.1.0
  From: @jupyterlab/application-extension@3.6.3 > @jupyterlab/ui-components@3.6.3 > @rjsf/core@3.1.0 > jsonpointer@4.1.0
  From: @jupyterlab/apputils-extension@3.6.3 > @jupyterlab/ui-components@3.6.3 > @rjsf/core@3.1.0 > jsonpointer@4.1.0
  and 5116 more...
  Fixed in: 5.0.0

✗ Medium severity vulnerability found in json5
  Description: Prototype Pollution
  Info: https://security.snyk.io/vuln/SNYK-JS-JSON5-3182856
  Introduced through: @jupyterlab/application-extension@3.6.3, @jupyterlab/apputils-extension@3.6.3, @jupyterlab/cell-toolbar-extension@3.6.3, @jupyterlab/codemirror-extension@3.6.3, @jupyterlab/console-extension@3.6.3, @jupyterlab/csvviewer-extension@3.6.3, @jupyterlab/debugger-extension@3.6.3, @jupyterlab/docmanager-extension@3.6.3, @jupyterlab/documentsearch-extension@3.6.3, @jupyterlab/extensionmanager-extension@3.6.3, @jupyterlab/filebrowser-extension@3.6.3, @jupyterlab/fileeditor-extension@3.6.3, @jupyterlab/htmlviewer-extension@3.6.3, @jupyterlab/logconsole-extension@3.6.3, @jupyterlab/mainmenu-extension@3.6.3, @jupyterlab/markdownviewer-extension@3.6.3, @jupyterlab/notebook-extension@3.6.3, @jupyterlab/settingeditor-extension@3.6.3, @jupyterlab/shortcuts-extension@3.6.3, @jupyterlab/statusbar-extension@3.6.3, @jupyterlab/terminal-extension@3.6.3, @jupyterlab/toc-extension@5.6.3, @jupyterlab/translation-extension@3.6.3, @jupyterlab/application@3.6.3, @jupyterlab/collaboration-extension@3.6.3, @jupyterlab/completer-extension@3.6.3, @jupyterlab/docprovider-extension@3.6.3, @jupyterlab/help-extension@3.6.3, @jupyterlab/hub-extension@3.6.3, @jupyterlab/running-extension@3.6.3, @jupyterlab/tooltip-extension@3.6.3, @jupyterlab/imageviewer-extension@3.6.3, @jupyterlab/inspector-extension@3.6.3, @jupyterlab/json-extension@3.6.3, @jupyterlab/launcher-extension@3.6.3, @jupyterlab/rendermime-extension@3.6.3, @jupyterlab/theme-dark-extension@3.6.3, @jupyterlab/theme-light-extension@3.6.3, @jupyterlab/vdom-extension@3.6.3, @jupyterlab/celltags-extension@3.6.3, @jupyterlab/javascript-extension@3.6.3, @jupyterlab/mathjax2-extension@3.6.3, @jupyterlab/ui-components-extension@3.6.3, @jupyterlab/pdf-extension@3.6.3, @jupyterlab/vega5-extension@3.6.3
  From: @jupyterlab/application-extension@3.6.3 > @jupyterlab/settingregistry@3.6.3 > json5@2.2.0
  From: @jupyterlab/apputils-extension@3.6.3 > @jupyterlab/settingregistry@3.6.3 > json5@2.2.0
  From: @jupyterlab/cell-toolbar-extension@3.6.3 > @jupyterlab/settingregistry@3.6.3 > json5@2.2.0
  and 18823 more...
  Fixed in: 1.0.2, 2.2.2

✗ Medium severity vulnerability found in d3-color
  Description: Regular Expression Denial of Service (ReDoS)
  Info: https://security.snyk.io/vuln/SNYK-JS-D3COLOR-1076592
  Introduced through: @jupyterlab/vega5-extension@3.6.3
  From: @jupyterlab/vega5-extension@3.6.3 > vega@5.21.0 > vega-functions@5.12.1 > d3-color@2.0.0
  From: @jupyterlab/vega5-extension@3.6.3 > vega@5.21.0 > vega-geo@4.3.8 > d3-color@2.0.0
  From: @jupyterlab/vega5-extension@3.6.3 > vega@5.21.0 > vega-scale@7.1.1 > d3-interpolate@2.0.1 > d3-color@2.0.0
  and 30 more...
  Fixed in: 3.1.0

✗ High severity vulnerability found in url-parse
  Description: Improper Input Validation
  Info: https://security.snyk.io/vuln/SNYK-JS-URLPARSE-2407770
  Introduced through: @jupyterlab/coreutils@5.6.3, @jupyterlab/application@3.6.3, @jupyterlab/application-extension@3.6.3, @jupyterlab/apputils-extension@3.6.3, @jupyterlab/collaboration-extension@3.6.3, @jupyterlab/debugger-extension@3.6.3, @jupyterlab/docmanager-extension@3.6.3, @jupyterlab/docprovider-extension@3.6.3, @jupyterlab/filebrowser-extension@3.6.3, @jupyterlab/fileeditor-extension@3.6.3, @jupyterlab/help-extension@3.6.3, @jupyterlab/hub-extension@3.6.3, @jupyterlab/logconsole-extension@3.6.3, @jupyterlab/mainmenu-extension@3.6.3, @jupyterlab/markdownviewer-extension@3.6.3, @jupyterlab/mathjax2-extension@3.6.3, @jupyterlab/notebook-extension@3.6.3, @jupyterlab/running-extension@3.6.3, @jupyterlab/tooltip-extension@3.6.3, @jupyterlab/completer-extension@3.6.3, @jupyterlab/terminal-extension@3.6.3, @jupyterlab/cell-toolbar-extension@3.6.3, @jupyterlab/celltags-extension@3.6.3, @jupyterlab/codemirror-extension@3.6.3, @jupyterlab/console-extension@3.6.3, @jupyterlab/csvviewer-extension@3.6.3, @jupyterlab/documentsearch-extension@3.6.3, @jupyterlab/extensionmanager-extension@3.6.3, @jupyterlab/htmlviewer-extension@3.6.3, @jupyterlab/imageviewer-extension@3.6.3, @jupyterlab/inspector-extension@3.6.3, @jupyterlab/json-extension@3.6.3, @jupyterlab/launcher-extension@3.6.3, @jupyterlab/rendermime-extension@3.6.3, @jupyterlab/settingeditor-extension@3.6.3, @jupyterlab/shortcuts-extension@3.6.3, @jupyterlab/statusbar-extension@3.6.3, @jupyterlab/theme-dark-extension@3.6.3, @jupyterlab/theme-light-extension@3.6.3, @jupyterlab/toc-extension@5.6.3, @jupyterlab/translation-extension@3.6.3, @jupyterlab/ui-components-extension@3.6.3, @jupyterlab/vdom-extension@3.6.3, @jupyterlab/javascript-extension@3.6.3, @jupyterlab/pdf-extension@3.6.3, @jupyterlab/vega5-extension@3.6.3
  From: @jupyterlab/coreutils@5.6.3 > url-parse@1.5.1
  From: @jupyterlab/application@3.6.3 > @jupyterlab/coreutils@5.6.3 > url-parse@1.5.1
  From: @jupyterlab/application-extension@3.6.3 > @jupyterlab/coreutils@5.6.3 > url-parse@1.5.1
  and 39266 more...
  Fixed in: 1.5.9

✗ High severity vulnerability found in fast-json-patch
  Description: Prototype Pollution
  Info: https://security.snyk.io/vuln/SNYK-JS-FASTJSONPATCH-3182961
  Introduced through: @jupyterlab/vega5-extension@3.6.3
  From: @jupyterlab/vega5-extension@3.6.3 > vega-embed@6.18.2 > fast-json-patch@3.0.0-1
  Fixed in: 3.1.1



Organization:      vitaleantonio
Package manager:   yarn
Target file:       /opt/conda/lib/python3.10/site-packages/jupyterlab/staging/package.json
Project name:      @jupyterlab/application-top
Docker image:      viol-isol-filesystem
Licenses:          enabled

Tested 369 dependencies for known issues, found 15 issues.

Pro tip: use `--exclude-base-image-vulns` to exclude from display Docker base image vulnerabilities.

Snyk found some vulnerabilities in your image applications (Snyk searches for these vulnerabilities by default). See https://snyk.co/app-vulns for more information.

To remove these messages in the future, please run `snyk config set disableSuggestions=true`


Tested 2 projects, 2 contained vulnerable paths.



