
app/Dockerfile (dockerfile)
===========================
Tests: 26 (SUCCESSES: 22, FAILURES: 4, EXCEPTIONS: 0)
Failures: 4 (UNKNOWN: 0, LOW: 1, MEDIUM: 1, HIGH: 2, CRITICAL: 0)

MEDIUM: Specify a tag in the 'FROM' statement for image 'alpine'
═════════════════════════════════════════════════════════════════════════════════════════════════════════════════════════════════════════════════
When using a 'FROM' statement you should use a specific tag to avoid uncontrolled behavior when the image is updated.

See https://avd.aquasec.com/misconfig/ds001
─────────────────────────────────────────────────────────────────────────────────────────────────────────────────────────────────────────────────
 app/Dockerfile:1
─────────────────────────────────────────────────────────────────────────────────────────────────────────────────────────────────────────────────
   1 [ FROM alpine:latest
─────────────────────────────────────────────────────────────────────────────────────────────────────────────────────────────────────────────────


HIGH: Specify at least 1 USER command in Dockerfile with non-root user as argument
═════════════════════════════════════════════════════════════════════════════════════════════════════════════════════════════════════════════════
Running containers with 'root' user can lead to a container escape situation. It is a best practice to run containers as non-root users, which can be done by adding a 'USER' statement to the Dockerfile.

See https://avd.aquasec.com/misconfig/ds002
─────────────────────────────────────────────────────────────────────────────────────────────────────────────────────────────────────────────────


HIGH: '--no-cache' is missed: echo "Installing Nmap" &&     apk update &&     apk upgrade &&     apk add build-base &&     apk add flex &&     apk add libcap-dev &&     apk add openssl-dev &&     apk add libssh2-dev &&     apk add bison &&     apk add curl
═════════════════════════════════════════════════════════════════════════════════════════════════════════════════════════════════════════════════
You should use 'apk add' with '--no-cache' to clean package cached data and reduce image size.

See https://avd.aquasec.com/misconfig/ds025
─────────────────────────────────────────────────────────────────────────────────────────────────────────────────────────────────────────────────
 app/Dockerfile:3-12
─────────────────────────────────────────────────────────────────────────────────────────────────────────────────────────────────────────────────
   3 ┌ RUN echo "Installing Nmap" && \
   4 │     apk update && \
   5 │     apk upgrade && \
   6 │     apk add build-base && \
   7 │     apk add flex && \
   8 │     apk add libcap-dev && \
   9 │     apk add openssl-dev && \
  10 │     apk add libssh2-dev && \
  11 │     apk add bison && \
  12 └     apk add curl
─────────────────────────────────────────────────────────────────────────────────────────────────────────────────────────────────────────────────


LOW: Add HEALTHCHECK instruction in your Dockerfile
═════════════════════════════════════════════════════════════════════════════════════════════════════════════════════════════════════════════════
You should add HEALTHCHECK instruction in your docker container images to perform the health check on running containers.

See https://avd.aquasec.com/misconfig/ds026
─────────────────────────────────────────────────────────────────────────────────────────────────────────────────────────────────────────────────


